Use --update-env to update environment variables
[PM2] Applying action restartProcessId on app [all](ids: 0)
[PM2] [app](0) ✓
┌────┬────────┬─────────────┬─────────┬─────────┬──────────┬────────┬──────┬───────────┬──────────┬──────────┬──────────┬──────────┐
│ id │ name   │ namespace   │ version │ mode    │ pid      │ uptime │ ↺    │ status    │ cpu      │ mem      │ user     │ watching │
├────┼────────┼─────────────┼─────────┼─────────┼──────────┼────────┼──────┼───────────┼──────────┼──────────┼──────────┼──────────┤
│ 0  │ app    │ default     │ 1.0.0   │ fork    │ 2936     │ 0s     │ 2    │ online    │ 0%       │ 6.9mb    │ root     │ disabled │
└────┴────────┴─────────────┴─────────┴─────────┴──────────┴────────┴──────┴───────────┴──────────┴──────────┴──────────┴──────────┘
Use --update-env to update environment variables
[PM2] Applying action restartProcessId on app [all](ids: 0)
[PM2] [app](0) ✓
┌────┬────────┬─────────────┬─────────┬─────────┬──────────┬────────┬──────┬───────────┬──────────┬──────────┬──────────┬──────────┐
│ id │ name   │ namespace   │ version │ mode    │ pid      │ uptime │ ↺    │ status    │ cpu      │ mem      │ user     │ watching │
├────┼────────┼─────────────┼─────────┼─────────┼──────────┼────────┼──────┼───────────┼──────────┼──────────┼──────────┼──────────┤
│ 0  │ app    │ default     │ 1.0.0   │ fork    │ 2957     │ 0s     │ 3    │ online    │ 0%       │ 9.1mb    │ root     │ disabled │
└────┴────────┴─────────────┴─────────┴─────────┴──────────┴────────┴──────┴───────────┴──────────┴──────────┴──────────┴──────────┘
Use --update-env to update environment variables
[PM2] Applying action restartProcessId on app [app.js](ids: 0)
[PM2] [app](0) ✓
┌────┬────────┬─────────────┬─────────┬─────────┬──────────┬────────┬──────┬───────────┬──────────┬──────────┬──────────┬──────────┐
│ id │ name   │ namespace   │ version │ mode    │ pid      │ uptime │ ↺    │ status    │ cpu      │ mem      │ user     │ watching │
├────┼────────┼─────────────┼─────────┼─────────┼──────────┼────────┼──────┼───────────┼──────────┼──────────┼──────────┼──────────┤
│ 0  │ app    │ default     │ 1.0.0   │ fork    │ 3115     │ 0s     │ 4    │ online    │ 0%       │ 5.9mb    │ root     │ disabled │
└────┴────────┴─────────────┴─────────┴─────────┴──────────┴────────┴──────┴───────────┴──────────┴──────────┴──────────┴──────────┘
Use --update-env to update environment variables
[PM2] Applying action restartProcessId on app [app.js](ids: 0)
[PM2] [app](0) ✓
┌────┬────────┬─────────────┬─────────┬─────────┬──────────┬────────┬──────┬───────────┬──────────┬──────────┬──────────┬──────────┐
│ id │ name   │ namespace   │ version │ mode    │ pid      │ uptime │ ↺    │ status    │ cpu      │ mem      │ user     │ watching │
├────┼────────┼─────────────┼─────────┼─────────┼──────────┼────────┼──────┼───────────┼──────────┼──────────┼──────────┼──────────┤
│ 0  │ app    │ default     │ 1.0.0   │ fork    │ 3221     │ 0s     │ 5    │ online    │ 0%       │ 6.2mb    │ root     │ disabled │
└────┴────────┴─────────────┴─────────┴─────────┴──────────┴────────┴──────┴───────────┴──────────┴──────────┴──────────┴──────────┘
[PM2] Spawning PM2 daemon with pm2_home=/root/.pm2
[PM2] PM2 Successfully daemonized
Use --update-env to update environment variables
